<?xml version="1.0" encoding="UTF-8"?>
<!-- Generated by org.testng.reporters.JUnitReportReporter -->
<testsuite hostname="DESKTOP-SITN5DH" failures="0" tests="1" name="com.test.TestMaven" time="0.007" errors="0" timestamp="8 Sep 2021 07:03:38 GMT">
  <testcase classname="com.test.TestMaven" name="Test1" time="0.007"/>
</testsuite> <!-- com.test.TestMaven -->
